<?xml version="1.0" encoding="UTF-8"?>
<!-- Generated by org.testng.reporters.JUnitReportReporter -->
<testsuite skipped="0" hostname="TYSS-Chaithra" name="practice.SampleTest" tests="1" failures="0" timestamp="2025-07-14T17:47:34 IST" time="3.609" errors="0">
  <testcase name="sampleTest" time="3.609" classname="practice.SampleTest"/>
  <system-out/>
</testsuite> <!-- practice.SampleTest -->
